Gdk-Message: 09:56:08.178: Error reading events from display: Broken pipe

(process:5214): GLib-GIO-CRITICAL **: 10:24:48.452: g_subprocess_get_exit_status: assertion 'WIFEXITED (subprocess->status)' failed
Traceback (most recent call last):
  File "/usr/bin/gnome-terminal", line 109, in <module>
    main()
  File "/usr/bin/gnome-terminal", line 100, in main
    GnomeTerminal(sys.argv[:], mainloop)
  File "/usr/bin/gnome-terminal", line 87, in __init__
    self.name = self.find_new_name()
  File "/usr/bin/gnome-terminal", line 25, in find_new_name
    proxy = Gio.DBusProxy.new_for_bus_sync(
gi.repository.GLib.GError: g-exec-error-quark: Failed to execute child process “dbus-launch” (No such file or directory) (8)
Gdk-Message: 16:13:24.858: Error reading events from display: Broken pipe
Gdk-Message: 16:13:24.860: Error reading events from display: Broken pipe

(process:7738): GLib-GIO-CRITICAL **: 16:21:03.857: g_subprocess_get_exit_status: assertion 'WIFEXITED (subprocess->status)' failed

(process:7739): GLib-GIO-CRITICAL **: 16:21:03.858: g_subprocess_get_exit_status: assertion 'WIFEXITED (subprocess->status)' failed

(process:12317): GLib-GIO-CRITICAL **: 16:25:11.956: g_subprocess_get_exit_status: assertion 'WIFEXITED (subprocess->status)' failed

(process:12316): GLib-GIO-CRITICAL **: 16:25:11.958: g_subprocess_get_exit_status: assertion 'WIFEXITED (subprocess->status)' failed

(process:13456): GLib-GIO-CRITICAL **: 16:26:57.361: g_subprocess_get_exit_status: assertion 'WIFEXITED (subprocess->status)' failed

(process:13455): GLib-GIO-CRITICAL **: 16:26:57.361: g_subprocess_get_exit_status: assertion 'WIFEXITED (subprocess->status)' failed

(process:15826): GLib-GIO-CRITICAL **: 16:28:05.782: g_subprocess_get_exit_status: assertion 'WIFEXITED (subprocess->status)' failed

(process:15827): GLib-GIO-CRITICAL **: 16:28:05.782: g_subprocess_get_exit_status: assertion 'WIFEXITED (subprocess->status)' failed

(process:16270): GLib-GIO-CRITICAL **: 16:28:31.776: g_subprocess_get_exit_status: assertion 'WIFEXITED (subprocess->status)' failed

(process:16271): GLib-GIO-CRITICAL **: 16:28:31.777: g_subprocess_get_exit_status: assertion 'WIFEXITED (subprocess->status)' failed

(process:16625): GLib-GIO-CRITICAL **: 16:28:45.049: g_subprocess_get_exit_status: assertion 'WIFEXITED (subprocess->status)' failed

(process:16624): GLib-GIO-CRITICAL **: 16:28:45.049: g_subprocess_get_exit_status: assertion 'WIFEXITED (subprocess->status)' failed

(process:16816): GLib-GIO-CRITICAL **: 16:29:09.720: g_subprocess_get_exit_status: assertion 'WIFEXITED (subprocess->status)' failed

(process:16815): GLib-GIO-CRITICAL **: 16:29:09.720: g_subprocess_get_exit_status: assertion 'WIFEXITED (subprocess->status)' failed

(process:17256): GLib-GIO-CRITICAL **: 16:30:58.686: g_subprocess_get_exit_status: assertion 'WIFEXITED (subprocess->status)' failed

(process:17257): GLib-GIO-CRITICAL **: 16:30:58.687: g_subprocess_get_exit_status: assertion 'WIFEXITED (subprocess->status)' failed

(process:18495): GLib-GIO-CRITICAL **: 16:33:45.317: g_subprocess_get_exit_status: assertion 'WIFEXITED (subprocess->status)' failed

(process:18496): GLib-GIO-CRITICAL **: 16:33:45.319: g_subprocess_get_exit_status: assertion 'WIFEXITED (subprocess->status)' failed

(process:29899): GLib-GIO-CRITICAL **: 16:50:27.595: g_subprocess_get_exit_status: assertion 'WIFEXITED (subprocess->status)' failed

(process:29900): GLib-GIO-CRITICAL **: 16:50:27.596: g_subprocess_get_exit_status: assertion 'WIFEXITED (subprocess->status)' failed

(process:30583): GLib-GIO-CRITICAL **: 16:50:56.896: g_subprocess_get_exit_status: assertion 'WIFEXITED (subprocess->status)' failed

(process:30584): GLib-GIO-CRITICAL **: 16:50:56.896: g_subprocess_get_exit_status: assertion 'WIFEXITED (subprocess->status)' failed

(process:31028): GLib-GIO-CRITICAL **: 16:51:32.150: g_subprocess_get_exit_status: assertion 'WIFEXITED (subprocess->status)' failed

(process:31029): GLib-GIO-CRITICAL **: 16:51:32.150: g_subprocess_get_exit_status: assertion 'WIFEXITED (subprocess->status)' failed

(process:33125): GLib-GIO-CRITICAL **: 16:54:38.267: g_subprocess_get_exit_status: assertion 'WIFEXITED (subprocess->status)' failed

(process:33124): GLib-GIO-CRITICAL **: 16:54:38.267: g_subprocess_get_exit_status: assertion 'WIFEXITED (subprocess->status)' failed

(process:34926): GLib-GIO-CRITICAL **: 08:11:32.374: g_subprocess_get_exit_status: assertion 'WIFEXITED (subprocess->status)' failed

(process:34927): GLib-GIO-CRITICAL **: 08:11:32.374: g_subprocess_get_exit_status: assertion 'WIFEXITED (subprocess->status)' failed

(process:179303): GLib-GIO-CRITICAL **: 08:26:57.902: g_subprocess_get_exit_status: assertion 'WIFEXITED (subprocess->status)' failed

(process:179302): GLib-GIO-CRITICAL **: 08:26:57.902: g_subprocess_get_exit_status: assertion 'WIFEXITED (subprocess->status)' failed

(process:184207): GLib-GIO-CRITICAL **: 08:34:47.646: g_subprocess_get_exit_status: assertion 'WIFEXITED (subprocess->status)' failed

(process:184208): GLib-GIO-CRITICAL **: 08:34:47.646: g_subprocess_get_exit_status: assertion 'WIFEXITED (subprocess->status)' failed

(process:193386): GLib-GIO-CRITICAL **: 08:38:54.187: g_subprocess_get_exit_status: assertion 'WIFEXITED (subprocess->status)' failed

(process:193387): GLib-GIO-CRITICAL **: 08:38:54.187: g_subprocess_get_exit_status: assertion 'WIFEXITED (subprocess->status)' failed

(process:195065): GLib-GIO-CRITICAL **: 08:39:56.701: g_subprocess_get_exit_status: assertion 'WIFEXITED (subprocess->status)' failed

(process:195066): GLib-GIO-CRITICAL **: 08:39:56.704: g_subprocess_get_exit_status: assertion 'WIFEXITED (subprocess->status)' failed

(process:196151): GLib-GIO-CRITICAL **: 08:41:46.048: g_subprocess_get_exit_status: assertion 'WIFEXITED (subprocess->status)' failed

(process:196150): GLib-GIO-CRITICAL **: 08:41:46.048: g_subprocess_get_exit_status: assertion 'WIFEXITED (subprocess->status)' failed

(process:197571): GLib-GIO-CRITICAL **: 08:42:33.404: g_subprocess_get_exit_status: assertion 'WIFEXITED (subprocess->status)' failed

(process:197572): GLib-GIO-CRITICAL **: 08:42:33.406: g_subprocess_get_exit_status: assertion 'WIFEXITED (subprocess->status)' failed

(process:198341): GLib-GIO-CRITICAL **: 08:44:17.534: g_subprocess_get_exit_status: assertion 'WIFEXITED (subprocess->status)' failed

(process:198340): GLib-GIO-CRITICAL **: 08:44:17.536: g_subprocess_get_exit_status: assertion 'WIFEXITED (subprocess->status)' failed

(process:201949): GLib-GIO-CRITICAL **: 08:48:59.421: g_subprocess_get_exit_status: assertion 'WIFEXITED (subprocess->status)' failed

(process:201950): GLib-GIO-CRITICAL **: 08:48:59.422: g_subprocess_get_exit_status: assertion 'WIFEXITED (subprocess->status)' failed

(process:221756): GLib-GIO-CRITICAL **: 09:25:56.022: g_subprocess_get_exit_status: assertion 'WIFEXITED (subprocess->status)' failed

(process:221755): GLib-GIO-CRITICAL **: 09:25:56.023: g_subprocess_get_exit_status: assertion 'WIFEXITED (subprocess->status)' failed

(process:244343): GLib-GIO-CRITICAL **: 09:50:32.853: g_subprocess_get_exit_status: assertion 'WIFEXITED (subprocess->status)' failed

(process:244342): GLib-GIO-CRITICAL **: 09:50:32.855: g_subprocess_get_exit_status: assertion 'WIFEXITED (subprocess->status)' failed

(process:246212): GLib-GIO-CRITICAL **: 09:52:23.989: g_subprocess_get_exit_status: assertion 'WIFEXITED (subprocess->status)' failed

(process:246213): GLib-GIO-CRITICAL **: 09:52:23.989: g_subprocess_get_exit_status: assertion 'WIFEXITED (subprocess->status)' failed

(process:248206): GLib-GIO-CRITICAL **: 09:55:27.835: g_subprocess_get_exit_status: assertion 'WIFEXITED (subprocess->status)' failed

(process:248205): GLib-GIO-CRITICAL **: 09:55:27.837: g_subprocess_get_exit_status: assertion 'WIFEXITED (subprocess->status)' failed

(process:248207): GLib-GIO-CRITICAL **: 09:55:27.839: g_subprocess_get_exit_status: assertion 'WIFEXITED (subprocess->status)' failed

(process:248208): GLib-GIO-CRITICAL **: 09:55:27.839: g_subprocess_get_exit_status: assertion 'WIFEXITED (subprocess->status)' failed

(process:4536): GLib-GIO-CRITICAL **: 10:22:05.459: g_subprocess_get_exit_status: assertion 'WIFEXITED (subprocess->status)' failed

(process:4539): GLib-GIO-CRITICAL **: 10:22:05.460: g_subprocess_get_exit_status: assertion 'WIFEXITED (subprocess->status)' failed

(process:4538): GLib-GIO-CRITICAL **: 10:22:05.458: g_subprocess_get_exit_status: assertion 'WIFEXITED (subprocess->status)' failed

(process:4537): GLib-GIO-CRITICAL **: 10:22:05.462: g_subprocess_get_exit_status: assertion 'WIFEXITED (subprocess->status)' failed

(process:4448): GLib-GIO-CRITICAL **: 10:27:43.077: g_subprocess_get_exit_status: assertion 'WIFEXITED (subprocess->status)' failed

(process:4447): GLib-GIO-CRITICAL **: 10:27:43.077: g_subprocess_get_exit_status: assertion 'WIFEXITED (subprocess->status)' failed

(process:4539): GLib-GIO-CRITICAL **: 10:27:49.218: g_subprocess_get_exit_status: assertion 'WIFEXITED (subprocess->status)' failed

(process:4540): GLib-GIO-CRITICAL **: 10:27:49.219: g_subprocess_get_exit_status: assertion 'WIFEXITED (subprocess->status)' failed

(process:5977): GLib-GIO-CRITICAL **: 10:30:52.416: g_subprocess_get_exit_status: assertion 'WIFEXITED (subprocess->status)' failed

(process:5976): GLib-GIO-CRITICAL **: 10:30:52.416: g_subprocess_get_exit_status: assertion 'WIFEXITED (subprocess->status)' failed

(process:5978): GLib-GIO-CRITICAL **: 10:30:52.417: g_subprocess_get_exit_status: assertion 'WIFEXITED (subprocess->status)' failed

(process:5975): GLib-GIO-CRITICAL **: 10:30:52.417: g_subprocess_get_exit_status: assertion 'WIFEXITED (subprocess->status)' failed

(process:7111): GLib-GIO-CRITICAL **: 10:32:16.331: g_subprocess_get_exit_status: assertion 'WIFEXITED (subprocess->status)' failed

(process:7109): GLib-GIO-CRITICAL **: 10:32:16.332: g_subprocess_get_exit_status: assertion 'WIFEXITED (subprocess->status)' failed

(process:7108): GLib-GIO-CRITICAL **: 10:32:16.335: g_subprocess_get_exit_status: assertion 'WIFEXITED (subprocess->status)' failed

(process:7110): GLib-GIO-CRITICAL **: 10:32:16.335: g_subprocess_get_exit_status: assertion 'WIFEXITED (subprocess->status)' failed

(process:8022): GLib-GIO-CRITICAL **: 10:33:12.245: g_subprocess_get_exit_status: assertion 'WIFEXITED (subprocess->status)' failed

(process:10738): GLib-GIO-CRITICAL **: 10:36:50.142: g_subprocess_get_exit_status: assertion 'WIFEXITED (subprocess->status)' failed

(process:10740): GLib-GIO-CRITICAL **: 10:36:50.146: g_subprocess_get_exit_status: assertion 'WIFEXITED (subprocess->status)' failed

(process:10739): GLib-GIO-CRITICAL **: 10:36:50.146: g_subprocess_get_exit_status: assertion 'WIFEXITED (subprocess->status)' failed

(process:10741): GLib-GIO-CRITICAL **: 10:36:50.148: g_subprocess_get_exit_status: assertion 'WIFEXITED (subprocess->status)' failed

(process:10744): GLib-GIO-CRITICAL **: 10:36:50.148: g_subprocess_get_exit_status: assertion 'WIFEXITED (subprocess->status)' failed

(process:10743): GLib-GIO-CRITICAL **: 10:36:50.150: g_subprocess_get_exit_status: assertion 'WIFEXITED (subprocess->status)' failed

(process:10745): GLib-GIO-CRITICAL **: 10:36:50.155: g_subprocess_get_exit_status: assertion 'WIFEXITED (subprocess->status)' failed

(process:10742): GLib-GIO-CRITICAL **: 10:36:50.154: g_subprocess_get_exit_status: assertion 'WIFEXITED (subprocess->status)' failed

(process:5044): GLib-GIO-CRITICAL **: 10:37:06.052: g_subprocess_get_exit_status: assertion 'WIFEXITED (subprocess->status)' failed

(process:5042): GLib-GIO-CRITICAL **: 10:37:06.053: g_subprocess_get_exit_status: assertion 'WIFEXITED (subprocess->status)' failed

(process:5041): GLib-GIO-CRITICAL **: 10:37:06.053: g_subprocess_get_exit_status: assertion 'WIFEXITED (subprocess->status)' failed

(process:5043): GLib-GIO-CRITICAL **: 10:37:06.056: g_subprocess_get_exit_status: assertion 'WIFEXITED (subprocess->status)' failed

(process:9235): GLib-GIO-CRITICAL **: 14:00:05.327: g_subprocess_get_exit_status: assertion 'WIFEXITED (subprocess->status)' failed

(process:9232): GLib-GIO-CRITICAL **: 14:00:05.328: g_subprocess_get_exit_status: assertion 'WIFEXITED (subprocess->status)' failed

(process:9234): GLib-GIO-CRITICAL **: 14:00:05.337: g_subprocess_get_exit_status: assertion 'WIFEXITED (subprocess->status)' failed

(process:6229): GLib-GIO-CRITICAL **: 14:29:14.098: g_subprocess_get_exit_status: assertion 'WIFEXITED (subprocess->status)' failed

(process:6228): GLib-GIO-CRITICAL **: 14:29:14.103: g_subprocess_get_exit_status: assertion 'WIFEXITED (subprocess->status)' failed

(process:6227): GLib-GIO-CRITICAL **: 14:29:14.138: g_subprocess_get_exit_status: assertion 'WIFEXITED (subprocess->status)' failed

(process:6226): GLib-GIO-CRITICAL **: 14:29:14.148: g_subprocess_get_exit_status: assertion 'WIFEXITED (subprocess->status)' failed

(process:6086): GLib-GIO-CRITICAL **: 14:51:22.901: g_subprocess_get_exit_status: assertion 'WIFEXITED (subprocess->status)' failed

(process:6085): GLib-GIO-CRITICAL **: 14:51:22.908: g_subprocess_get_exit_status: assertion 'WIFEXITED (subprocess->status)' failed

(process:6084): GLib-GIO-CRITICAL **: 14:51:22.929: g_subprocess_get_exit_status: assertion 'WIFEXITED (subprocess->status)' failed

(process:6083): GLib-GIO-CRITICAL **: 14:51:22.929: g_subprocess_get_exit_status: assertion 'WIFEXITED (subprocess->status)' failed

(process:6088): GLib-GIO-CRITICAL **: 14:51:22.929: g_subprocess_get_exit_status: assertion 'WIFEXITED (subprocess->status)' failed

(process:6081): GLib-GIO-CRITICAL **: 14:51:22.930: g_subprocess_get_exit_status: assertion 'WIFEXITED (subprocess->status)' failed

(process:6087): GLib-GIO-CRITICAL **: 14:51:22.934: g_subprocess_get_exit_status: assertion 'WIFEXITED (subprocess->status)' failed

(process:6082): GLib-GIO-CRITICAL **: 14:51:22.947: g_subprocess_get_exit_status: assertion 'WIFEXITED (subprocess->status)' failed

(process:3763): GLib-GIO-CRITICAL **: 14:51:31.377: g_subprocess_get_exit_status: assertion 'WIFEXITED (subprocess->status)' failed

(process:27493): GLib-GIO-CRITICAL **: 23:25:54.192: g_subprocess_get_exit_status: assertion 'WIFEXITED (subprocess->status)' failed

(process:27490): GLib-GIO-CRITICAL **: 23:25:54.195: g_subprocess_get_exit_status: assertion 'WIFEXITED (subprocess->status)' failed

(process:27491): GLib-GIO-CRITICAL **: 23:25:54.198: g_subprocess_get_exit_status: assertion 'WIFEXITED (subprocess->status)' failed

(process:8416): GLib-GIO-CRITICAL **: 23:37:03.599: g_subprocess_get_exit_status: assertion 'WIFEXITED (subprocess->status)' failed

(process:8418): GLib-GIO-CRITICAL **: 23:37:03.606: g_subprocess_get_exit_status: assertion 'WIFEXITED (subprocess->status)' failed

(process:8414): GLib-GIO-CRITICAL **: 23:37:03.615: g_subprocess_get_exit_status: assertion 'WIFEXITED (subprocess->status)' failed

(process:8415): GLib-GIO-CRITICAL **: 23:37:03.619: g_subprocess_get_exit_status: assertion 'WIFEXITED (subprocess->status)' failed

(process:8419): GLib-GIO-CRITICAL **: 23:37:03.627: g_subprocess_get_exit_status: assertion 'WIFEXITED (subprocess->status)' failed

(process:8420): GLib-GIO-CRITICAL **: 23:37:03.653: g_subprocess_get_exit_status: assertion 'WIFEXITED (subprocess->status)' failed

(process:2844): GLib-GIO-CRITICAL **: 23:37:15.500: g_subprocess_get_exit_status: assertion 'WIFEXITED (subprocess->status)' failed

(process:2841): GLib-GIO-CRITICAL **: 23:37:15.504: g_subprocess_get_exit_status: assertion 'WIFEXITED (subprocess->status)' failed

(process:2842): GLib-GIO-CRITICAL **: 23:37:15.511: g_subprocess_get_exit_status: assertion 'WIFEXITED (subprocess->status)' failed

(process:9763): GLib-GIO-CRITICAL **: 23:38:26.717: g_subprocess_get_exit_status: assertion 'WIFEXITED (subprocess->status)' failed

(process:9764): GLib-GIO-CRITICAL **: 23:38:26.719: g_subprocess_get_exit_status: assertion 'WIFEXITED (subprocess->status)' failed

(process:9760): GLib-GIO-CRITICAL **: 23:38:26.721: g_subprocess_get_exit_status: assertion 'WIFEXITED (subprocess->status)' failed

(process:9766): GLib-GIO-CRITICAL **: 23:38:26.731: g_subprocess_get_exit_status: assertion 'WIFEXITED (subprocess->status)' failed

(process:9765): GLib-GIO-CRITICAL **: 23:38:26.731: g_subprocess_get_exit_status: assertion 'WIFEXITED (subprocess->status)' failed

(process:9762): GLib-GIO-CRITICAL **: 23:38:26.742: g_subprocess_get_exit_status: assertion 'WIFEXITED (subprocess->status)' failed

(process:9761): GLib-GIO-CRITICAL **: 23:38:26.750: g_subprocess_get_exit_status: assertion 'WIFEXITED (subprocess->status)' failed

(process:8979): GLib-GIO-CRITICAL **: 23:43:43.296: g_subprocess_get_exit_status: assertion 'WIFEXITED (subprocess->status)' failed

(process:8978): GLib-GIO-CRITICAL **: 23:43:43.307: g_subprocess_get_exit_status: assertion 'WIFEXITED (subprocess->status)' failed

(process:8976): GLib-GIO-CRITICAL **: 23:43:43.308: g_subprocess_get_exit_status: assertion 'WIFEXITED (subprocess->status)' failed

(process:15370): GLib-GIO-CRITICAL **: 23:47:27.472: g_subprocess_get_exit_status: assertion 'WIFEXITED (subprocess->status)' failed

(process:16471): GLib-GIO-CRITICAL **: 23:47:27.479: g_subprocess_get_exit_status: assertion 'WIFEXITED (subprocess->status)' failed

(process:15367): GLib-GIO-CRITICAL **: 23:47:27.491: g_subprocess_get_exit_status: assertion 'WIFEXITED (subprocess->status)' failed

(process:15369): GLib-GIO-CRITICAL **: 23:47:27.495: g_subprocess_get_exit_status: assertion 'WIFEXITED (subprocess->status)' failed

(process:15368): GLib-GIO-CRITICAL **: 23:47:27.498: g_subprocess_get_exit_status: assertion 'WIFEXITED (subprocess->status)' failed

(process:16470): GLib-GIO-CRITICAL **: 23:47:27.517: g_subprocess_get_exit_status: assertion 'WIFEXITED (subprocess->status)' failed

(process:16469): GLib-GIO-CRITICAL **: 23:47:27.538: g_subprocess_get_exit_status: assertion 'WIFEXITED (subprocess->status)' failed

(process:16472): GLib-GIO-CRITICAL **: 23:47:27.559: g_subprocess_get_exit_status: assertion 'WIFEXITED (subprocess->status)' failed

(process:4308): GLib-GIO-CRITICAL **: 08:43:39.690: g_subprocess_get_exit_status: assertion 'WIFEXITED (subprocess->status)' failed

(process:4310): GLib-GIO-CRITICAL **: 08:43:39.691: g_subprocess_get_exit_status: assertion 'WIFEXITED (subprocess->status)' failed

(process:4309): GLib-GIO-CRITICAL **: 08:43:39.691: g_subprocess_get_exit_status: assertion 'WIFEXITED (subprocess->status)' failed

(process:4311): GLib-GIO-CRITICAL **: 08:43:39.693: g_subprocess_get_exit_status: assertion 'WIFEXITED (subprocess->status)' failed

(process:5381): GLib-GIO-CRITICAL **: 08:44:38.840: g_subprocess_get_exit_status: assertion 'WIFEXITED (subprocess->status)' failed

(process:5678): GLib-GIO-CRITICAL **: 08:45:00.266: g_subprocess_get_exit_status: assertion 'WIFEXITED (subprocess->status)' failed

(process:6615): GLib-GIO-CRITICAL **: 08:45:58.608: g_subprocess_get_exit_status: assertion 'WIFEXITED (subprocess->status)' failed

(process:2766): GLib-GIO-CRITICAL **: 08:46:07.439: g_subprocess_get_exit_status: assertion 'WIFEXITED (subprocess->status)' failed

(process:2768): GLib-GIO-CRITICAL **: 08:46:07.452: g_subprocess_get_exit_status: assertion 'WIFEXITED (subprocess->status)' failed

(process:2765): GLib-GIO-CRITICAL **: 08:46:07.471: g_subprocess_get_exit_status: assertion 'WIFEXITED (subprocess->status)' failed

(process:2767): GLib-GIO-CRITICAL **: 08:46:07.473: g_subprocess_get_exit_status: assertion 'WIFEXITED (subprocess->status)' failed

(process:12517): GLib-GIO-CRITICAL **: 08:53:48.173: g_subprocess_get_exit_status: assertion 'WIFEXITED (subprocess->status)' failed

(process:12519): GLib-GIO-CRITICAL **: 08:53:48.185: g_subprocess_get_exit_status: assertion 'WIFEXITED (subprocess->status)' failed

(process:13180): GLib-GIO-CRITICAL **: 08:54:11.359: g_subprocess_get_exit_status: assertion 'WIFEXITED (subprocess->status)' failed

(process:13356): GLib-GIO-CRITICAL **: 08:54:11.364: g_subprocess_get_exit_status: assertion 'WIFEXITED (subprocess->status)' failed

(process:13358): GLib-GIO-CRITICAL **: 08:54:11.364: g_subprocess_get_exit_status: assertion 'WIFEXITED (subprocess->status)' failed

(process:13357): GLib-GIO-CRITICAL **: 08:54:11.378: g_subprocess_get_exit_status: assertion 'WIFEXITED (subprocess->status)' failed

(process:13359): GLib-GIO-CRITICAL **: 08:54:11.395: g_subprocess_get_exit_status: assertion 'WIFEXITED (subprocess->status)' failed

(process:13179): GLib-GIO-CRITICAL **: 08:54:11.401: g_subprocess_get_exit_status: assertion 'WIFEXITED (subprocess->status)' failed

(process:13182): GLib-GIO-CRITICAL **: 08:54:11.429: g_subprocess_get_exit_status: assertion 'WIFEXITED (subprocess->status)' failed

(process:15363): GLib-GIO-CRITICAL **: 08:56:57.064: g_subprocess_get_exit_status: assertion 'WIFEXITED (subprocess->status)' failed

(process:15364): GLib-GIO-CRITICAL **: 08:56:57.066: g_subprocess_get_exit_status: assertion 'WIFEXITED (subprocess->status)' failed

(process:15362): GLib-GIO-CRITICAL **: 08:56:57.077: g_subprocess_get_exit_status: assertion 'WIFEXITED (subprocess->status)' failed

(process:15361): GLib-GIO-CRITICAL **: 08:56:57.089: g_subprocess_get_exit_status: assertion 'WIFEXITED (subprocess->status)' failed

(process:7446): GLib-GIO-CRITICAL **: 10:02:05.387: g_subprocess_get_exit_status: assertion 'WIFEXITED (subprocess->status)' failed

(process:7444): GLib-GIO-CRITICAL **: 10:02:05.395: g_subprocess_get_exit_status: assertion 'WIFEXITED (subprocess->status)' failed

(process:7447): GLib-GIO-CRITICAL **: 10:02:05.401: g_subprocess_get_exit_status: assertion 'WIFEXITED (subprocess->status)' failed

(process:7445): GLib-GIO-CRITICAL **: 10:02:05.458: g_subprocess_get_exit_status: assertion 'WIFEXITED (subprocess->status)' failed

(process:4919): GLib-GIO-CRITICAL **: 10:36:31.882: g_subprocess_get_exit_status: assertion 'WIFEXITED (subprocess->status)' failed

(process:4918): GLib-GIO-CRITICAL **: 10:36:31.882: g_subprocess_get_exit_status: assertion 'WIFEXITED (subprocess->status)' failed

(process:12616): GLib-GIO-CRITICAL **: 10:37:38.559: g_subprocess_get_exit_status: assertion 'WIFEXITED (subprocess->status)' failed

(process:12617): GLib-GIO-CRITICAL **: 10:37:38.559: g_subprocess_get_exit_status: assertion 'WIFEXITED (subprocess->status)' failed

(process:11710): GLib-GIO-CRITICAL **: 10:38:20.790: g_subprocess_get_exit_status: assertion 'WIFEXITED (subprocess->status)' failed

(process:11711): GLib-GIO-CRITICAL **: 10:38:20.790: g_subprocess_get_exit_status: assertion 'WIFEXITED (subprocess->status)' failed

(process:11713): GLib-GIO-CRITICAL **: 10:38:20.791: g_subprocess_get_exit_status: assertion 'WIFEXITED (subprocess->status)' failed

(process:14440): GLib-GIO-CRITICAL **: 10:39:14.463: g_subprocess_get_exit_status: assertion 'WIFEXITED (subprocess->status)' failed

(process:14438): GLib-GIO-CRITICAL **: 10:39:14.463: g_subprocess_get_exit_status: assertion 'WIFEXITED (subprocess->status)' failed

(process:14439): GLib-GIO-CRITICAL **: 10:39:14.465: g_subprocess_get_exit_status: assertion 'WIFEXITED (subprocess->status)' failed

(process:14437): GLib-GIO-CRITICAL **: 10:39:14.476: g_subprocess_get_exit_status: assertion 'WIFEXITED (subprocess->status)' failed

(process:15131): GLib-GIO-CRITICAL **: 13:43:03.864: g_subprocess_get_exit_status: assertion 'WIFEXITED (subprocess->status)' failed

(process:15130): GLib-GIO-CRITICAL **: 13:43:03.866: g_subprocess_get_exit_status: assertion 'WIFEXITED (subprocess->status)' failed

(process:15133): GLib-GIO-CRITICAL **: 13:43:03.867: g_subprocess_get_exit_status: assertion 'WIFEXITED (subprocess->status)' failed

(process:15132): GLib-GIO-CRITICAL **: 13:43:03.868: g_subprocess_get_exit_status: assertion 'WIFEXITED (subprocess->status)' failed

(process:13700): GLib-GIO-CRITICAL **: 13:43:13.679: g_subprocess_get_exit_status: assertion 'WIFEXITED (subprocess->status)' failed

(process:13697): GLib-GIO-CRITICAL **: 13:43:13.679: g_subprocess_get_exit_status: assertion 'WIFEXITED (subprocess->status)' failed

(process:13698): GLib-GIO-CRITICAL **: 13:43:13.680: g_subprocess_get_exit_status: assertion 'WIFEXITED (subprocess->status)' failed
